{"/Users/mac/Documents/book-meal-appss/server/src/app.js": {"path":"/Users/mac/Documents/book-meal-appss/server/src/app.js","statementMap":{"0":{"start":{"line":7,"column":12},"end":{"line":7,"column":21}},"1":{"start":{"line":10,"column":13},"end":{"line":10,"column":37}},"2":{"start":{"line":13,"column":0},"end":{"line":13,"column":23}},"3":{"start":{"line":16,"column":0},"end":{"line":16,"column":27}},"4":{"start":{"line":19,"column":0},"end":{"line":19,"column":30}},"5":{"start":{"line":22,"column":0},"end":{"line":24,"column":3}},"6":{"start":{"line":23,"column":2},"end":{"line":23,"column":38}}},"fnMap":{"0":{"name":"(anonymous_0)","decl":{"start":{"line":22,"column":17},"end":{"line":22,"column":18}},"loc":{"start":{"line":22,"column":23},"end":{"line":24,"column":1}},"line":22}},"branchMap":{"0":{"loc":{"start":{"line":10,"column":13},"end":{"line":10,"column":37}},"type":"binary-expr","locations":[{"start":{"line":10,"column":13},"end":{"line":10,"column":29}},{"start":{"line":10,"column":33},"end":{"line":10,"column":37}}],"line":10}},"s":{"0":1,"1":1,"2":1,"3":1,"4":1,"5":1,"6":1},"f":{"0":1},"b":{"0":[1,1]},"_coverageSchema":"332fd63041d2c1bcb487cc26dd0d5f7d97098a6c","hash":"a82a5f17e498722994caa0998712efd5b0cee685","contentHash":"d88e9e6565a3f43f1f460fb35f9e1bae_11.7.1"}
,"/Users/mac/Documents/book-meal-appss/server/src/controllers/meals.js": {"path":"/Users/mac/Documents/book-meal-appss/server/src/controllers/meals.js","statementMap":{"0":{"start":{"line":17,"column":4},"end":{"line":21,"column":7}},"1":{"start":{"line":31,"column":4},"end":{"line":34,"column":7}},"2":{"start":{"line":35,"column":4},"end":{"line":38,"column":7}},"3":{"start":{"line":47,"column":23},"end":{"line":47,"column":30}},"4":{"start":{"line":49,"column":4},"end":{"line":60,"column":5}},"5":{"start":{"line":50,"column":6},"end":{"line":59,"column":7}},"6":{"start":{"line":51,"column":8},"end":{"line":54,"column":10}},"7":{"start":{"line":55,"column":8},"end":{"line":58,"column":11}},"8":{"start":{"line":61,"column":4},"end":{"line":64,"column":7}},"9":{"start":{"line":73,"column":19},"end":{"line":73,"column":46}},"10":{"start":{"line":74,"column":4},"end":{"line":82,"column":7}},"11":{"start":{"line":75,"column":6},"end":{"line":81,"column":7}},"12":{"start":{"line":76,"column":8},"end":{"line":76,"column":33}},"13":{"start":{"line":77,"column":8},"end":{"line":80,"column":11}},"14":{"start":{"line":83,"column":4},"end":{"line":86,"column":7}}},"fnMap":{"0":{"name":"(anonymous_0)","decl":{"start":{"line":16,"column":2},"end":{"line":16,"column":3}},"loc":{"start":{"line":16,"column":28},"end":{"line":22,"column":3}},"line":16},"1":{"name":"(anonymous_1)","decl":{"start":{"line":29,"column":2},"end":{"line":29,"column":3}},"loc":{"start":{"line":29,"column":31},"end":{"line":39,"column":3}},"line":29},"2":{"name":"(anonymous_2)","decl":{"start":{"line":46,"column":2},"end":{"line":46,"column":3}},"loc":{"start":{"line":46,"column":30},"end":{"line":65,"column":3}},"line":46},"3":{"name":"(anonymous_3)","decl":{"start":{"line":72,"column":2},"end":{"line":72,"column":3}},"loc":{"start":{"line":72,"column":31},"end":{"line":87,"column":3}},"line":72},"4":{"name":"(anonymous_4)","decl":{"start":{"line":74,"column":20},"end":{"line":74,"column":21}},"loc":{"start":{"line":74,"column":37},"end":{"line":82,"column":5}},"line":74}},"branchMap":{"0":{"loc":{"start":{"line":50,"column":6},"end":{"line":59,"column":7}},"type":"if","locations":[{"start":{"line":50,"column":6},"end":{"line":59,"column":7}},{"start":{"line":50,"column":6},"end":{"line":59,"column":7}}],"line":50},"1":{"loc":{"start":{"line":75,"column":6},"end":{"line":81,"column":7}},"type":"if","locations":[{"start":{"line":75,"column":6},"end":{"line":81,"column":7}},{"start":{"line":75,"column":6},"end":{"line":81,"column":7}}],"line":75}},"s":{"0":1,"1":0,"2":0,"3":0,"4":0,"5":0,"6":0,"7":0,"8":0,"9":0,"10":0,"11":0,"12":0,"13":0,"14":0},"f":{"0":1,"1":0,"2":0,"3":0,"4":0},"b":{"0":[0,0],"1":[0,0]},"_coverageSchema":"332fd63041d2c1bcb487cc26dd0d5f7d97098a6c","hash":"1ce0786f4f09aa60470f0b4cf334fc8b682b49ba","contentHash":"6ac222618b2295b7c8e9b490dfd6aa72_11.7.1"}
,"/Users/mac/Documents/book-meal-appss/server/src/controllers/menu.js": {"path":"/Users/mac/Documents/book-meal-appss/server/src/controllers/menu.js","statementMap":{"0":{"start":{"line":18,"column":4},"end":{"line":21,"column":7}},"1":{"start":{"line":22,"column":4},"end":{"line":25,"column":7}},"2":{"start":{"line":34,"column":4},"end":{"line":36,"column":7}}},"fnMap":{"0":{"name":"(anonymous_0)","decl":{"start":{"line":16,"column":2},"end":{"line":16,"column":3}},"loc":{"start":{"line":16,"column":30},"end":{"line":26,"column":3}},"line":16},"1":{"name":"(anonymous_1)","decl":{"start":{"line":33,"column":2},"end":{"line":33,"column":3}},"loc":{"start":{"line":33,"column":27},"end":{"line":37,"column":3}},"line":33}},"branchMap":{},"s":{"0":0,"1":0,"2":0},"f":{"0":0,"1":0},"b":{},"_coverageSchema":"332fd63041d2c1bcb487cc26dd0d5f7d97098a6c","hash":"4dc9ae34f8eca576a9b5115504936c87d56ca23c","contentHash":"64b830cee6a71c8ae64ab264f420db53_11.7.1"}
,"/Users/mac/Documents/book-meal-appss/server/src/controllers/order.js": {"path":"/Users/mac/Documents/book-meal-appss/server/src/controllers/order.js","statementMap":{"0":{"start":{"line":17,"column":4},"end":{"line":20,"column":7}},"1":{"start":{"line":21,"column":4},"end":{"line":24,"column":7}},"2":{"start":{"line":33,"column":23},"end":{"line":33,"column":30}},"3":{"start":{"line":35,"column":4},"end":{"line":45,"column":5}},"4":{"start":{"line":36,"column":6},"end":{"line":44,"column":7}},"5":{"start":{"line":37,"column":8},"end":{"line":40,"column":10}},"6":{"start":{"line":41,"column":8},"end":{"line":43,"column":11}},"7":{"start":{"line":46,"column":4},"end":{"line":48,"column":7}},"8":{"start":{"line":57,"column":4},"end":{"line":63,"column":5}},"9":{"start":{"line":58,"column":6},"end":{"line":58,"column":89}},"10":{"start":{"line":60,"column":6},"end":{"line":62,"column":9}}},"fnMap":{"0":{"name":"(anonymous_0)","decl":{"start":{"line":15,"column":2},"end":{"line":15,"column":3}},"loc":{"start":{"line":15,"column":31},"end":{"line":25,"column":3}},"line":15},"1":{"name":"(anonymous_1)","decl":{"start":{"line":32,"column":2},"end":{"line":32,"column":3}},"loc":{"start":{"line":32,"column":31},"end":{"line":49,"column":3}},"line":32},"2":{"name":"(anonymous_2)","decl":{"start":{"line":56,"column":2},"end":{"line":56,"column":3}},"loc":{"start":{"line":56,"column":28},"end":{"line":64,"column":3}},"line":56}},"branchMap":{"0":{"loc":{"start":{"line":36,"column":6},"end":{"line":44,"column":7}},"type":"if","locations":[{"start":{"line":36,"column":6},"end":{"line":44,"column":7}},{"start":{"line":36,"column":6},"end":{"line":44,"column":7}}],"line":36},"1":{"loc":{"start":{"line":57,"column":4},"end":{"line":63,"column":5}},"type":"if","locations":[{"start":{"line":57,"column":4},"end":{"line":63,"column":5}},{"start":{"line":57,"column":4},"end":{"line":63,"column":5}}],"line":57}},"s":{"0":0,"1":0,"2":0,"3":0,"4":0,"5":0,"6":0,"7":0,"8":1,"9":0,"10":1},"f":{"0":0,"1":0,"2":1},"b":{"0":[0,0],"1":[0,1]},"_coverageSchema":"332fd63041d2c1bcb487cc26dd0d5f7d97098a6c","hash":"31a71a42ecee129cde2eefa1cec8117fd8f11e50","contentHash":"eaf27c1622f1d5f2b5b2c568d2e2182b_11.7.1"}
,"/Users/mac/Documents/book-meal-appss/server/src/middlewares/meal.js": {"path":"/Users/mac/Documents/book-meal-appss/server/src/middlewares/meal.js","statementMap":{"0":{"start":{"line":16,"column":4},"end":{"line":21,"column":5}},"1":{"start":{"line":18,"column":6},"end":{"line":20,"column":9}},"2":{"start":{"line":22,"column":4},"end":{"line":22,"column":18}}},"fnMap":{"0":{"name":"(anonymous_0)","decl":{"start":{"line":15,"column":2},"end":{"line":15,"column":3}},"loc":{"start":{"line":15,"column":37},"end":{"line":23,"column":3}},"line":15}},"branchMap":{"0":{"loc":{"start":{"line":16,"column":4},"end":{"line":21,"column":5}},"type":"if","locations":[{"start":{"line":16,"column":4},"end":{"line":21,"column":5}},{"start":{"line":16,"column":4},"end":{"line":21,"column":5}}],"line":16},"1":{"loc":{"start":{"line":16,"column":8},"end":{"line":17,"column":24}},"type":"binary-expr","locations":[{"start":{"line":16,"column":8},"end":{"line":16,"column":23}},{"start":{"line":16,"column":27},"end":{"line":16,"column":48}},{"start":{"line":16,"column":52},"end":{"line":16,"column":67}},{"start":{"line":17,"column":6},"end":{"line":17,"column":24}}],"line":16}},"s":{"0":0,"1":0,"2":0},"f":{"0":0},"b":{"0":[0,0],"1":[0,0,0,0]},"_coverageSchema":"332fd63041d2c1bcb487cc26dd0d5f7d97098a6c","hash":"13c4a080afb24e5060b6fa251e1b0353491f9a43","contentHash":"28037cf3c5b04f0ded86b5b5ed6f1397_11.7.1"}
,"/Users/mac/Documents/book-meal-appss/server/src/middlewares/menu.js": {"path":"/Users/mac/Documents/book-meal-appss/server/src/middlewares/menu.js","statementMap":{"0":{"start":{"line":16,"column":4},"end":{"line":19,"column":5}},"1":{"start":{"line":18,"column":6},"end":{"line":18,"column":96}},"2":{"start":{"line":21,"column":4},"end":{"line":21,"column":18}}},"fnMap":{"0":{"name":"(anonymous_0)","decl":{"start":{"line":15,"column":2},"end":{"line":15,"column":3}},"loc":{"start":{"line":15,"column":36},"end":{"line":22,"column":3}},"line":15}},"branchMap":{"0":{"loc":{"start":{"line":16,"column":4},"end":{"line":19,"column":5}},"type":"if","locations":[{"start":{"line":16,"column":4},"end":{"line":19,"column":5}},{"start":{"line":16,"column":4},"end":{"line":19,"column":5}}],"line":16},"1":{"loc":{"start":{"line":16,"column":8},"end":{"line":17,"column":26}},"type":"binary-expr","locations":[{"start":{"line":16,"column":8},"end":{"line":16,"column":23}},{"start":{"line":16,"column":27},"end":{"line":16,"column":48}},{"start":{"line":16,"column":52},"end":{"line":16,"column":67}},{"start":{"line":17,"column":8},"end":{"line":17,"column":26}}],"line":16}},"s":{"0":0,"1":0,"2":0},"f":{"0":0},"b":{"0":[0,0],"1":[0,0,0,0]},"_coverageSchema":"332fd63041d2c1bcb487cc26dd0d5f7d97098a6c","hash":"0bb8639150d9c5150153628b174b70c4396e58ae","contentHash":"ea37a2815e8c4a73219e64d4c6e3da0e_11.7.1"}
,"/Users/mac/Documents/book-meal-appss/server/src/middlewares/order.js": {"path":"/Users/mac/Documents/book-meal-appss/server/src/middlewares/order.js","statementMap":{"0":{"start":{"line":16,"column":4},"end":{"line":18,"column":5}},"1":{"start":{"line":17,"column":6},"end":{"line":17,"column":73}},"2":{"start":{"line":20,"column":4},"end":{"line":20,"column":18}}},"fnMap":{"0":{"name":"(anonymous_0)","decl":{"start":{"line":15,"column":2},"end":{"line":15,"column":3}},"loc":{"start":{"line":15,"column":37},"end":{"line":21,"column":3}},"line":15}},"branchMap":{"0":{"loc":{"start":{"line":16,"column":4},"end":{"line":18,"column":5}},"type":"if","locations":[{"start":{"line":16,"column":4},"end":{"line":18,"column":5}},{"start":{"line":16,"column":4},"end":{"line":18,"column":5}}],"line":16},"1":{"loc":{"start":{"line":16,"column":8},"end":{"line":16,"column":44}},"type":"binary-expr","locations":[{"start":{"line":16,"column":8},"end":{"line":16,"column":22}},{"start":{"line":16,"column":26},"end":{"line":16,"column":44}}],"line":16}},"s":{"0":0,"1":0,"2":0},"f":{"0":0},"b":{"0":[0,0],"1":[0,0]},"_coverageSchema":"332fd63041d2c1bcb487cc26dd0d5f7d97098a6c","hash":"8979d89d24a7af16b0a3a5a3d8368cdb18e8e131","contentHash":"e74e246c6898dbbf3ea5340a6dbb6dd5_11.7.1"}
,"/Users/mac/Documents/book-meal-appss/server/src/routes/index.js": {"path":"/Users/mac/Documents/book-meal-appss/server/src/routes/index.js","statementMap":{"0":{"start":{"line":6,"column":18},"end":{"line":6,"column":34}},"1":{"start":{"line":8,"column":0},"end":{"line":8,"column":36}},"2":{"start":{"line":9,"column":0},"end":{"line":9,"column":34}},"3":{"start":{"line":10,"column":0},"end":{"line":10,"column":36}}},"fnMap":{},"branchMap":{},"s":{"0":1,"1":1,"2":1,"3":1},"f":{},"b":{},"_coverageSchema":"332fd63041d2c1bcb487cc26dd0d5f7d97098a6c","hash":"6f6e5bb6fd77ebfa5211fbc9bc7c73e8679110e0","contentHash":"866b3c0e27bc1e031c6ba52cd1d07351_11.7.1"}
,"/Users/mac/Documents/book-meal-appss/server/src/routes/meals.js": {"path":"/Users/mac/Documents/book-meal-appss/server/src/routes/meals.js","statementMap":{"0":{"start":{"line":5,"column":19},"end":{"line":5,"column":35}},"1":{"start":{"line":7,"column":0},"end":{"line":7,"column":46}},"2":{"start":{"line":8,"column":0},"end":{"line":8,"column":80}},"3":{"start":{"line":9,"column":0},"end":{"line":9,"column":51}},"4":{"start":{"line":10,"column":0},"end":{"line":10,"column":55}}},"fnMap":{},"branchMap":{},"s":{"0":1,"1":1,"2":1,"3":1,"4":1},"f":{},"b":{},"_coverageSchema":"332fd63041d2c1bcb487cc26dd0d5f7d97098a6c","hash":"d0e5f1a7de0b6fb3992e9e87fc6851b754e6c187","contentHash":"72d02f8d22ce6ae7a1370b11804af87d_11.7.1"}
,"/Users/mac/Documents/book-meal-appss/server/src/routes/menu.js": {"path":"/Users/mac/Documents/book-meal-appss/server/src/routes/menu.js","statementMap":{"0":{"start":{"line":5,"column":18},"end":{"line":5,"column":34}},"1":{"start":{"line":7,"column":0},"end":{"line":7,"column":75}},"2":{"start":{"line":8,"column":0},"end":{"line":8,"column":43}}},"fnMap":{},"branchMap":{},"s":{"0":1,"1":1,"2":1},"f":{},"b":{},"_coverageSchema":"332fd63041d2c1bcb487cc26dd0d5f7d97098a6c","hash":"0aea95eec660961a3198c2b4c7c5e66fb52ebc61","contentHash":"f094042d01f0f32529daa2b9eecf48c7_11.7.1"}
,"/Users/mac/Documents/book-meal-appss/server/src/routes/order.js": {"path":"/Users/mac/Documents/book-meal-appss/server/src/routes/order.js","statementMap":{"0":{"start":{"line":5,"column":19},"end":{"line":5,"column":35}},"1":{"start":{"line":7,"column":0},"end":{"line":7,"column":46}},"2":{"start":{"line":8,"column":0},"end":{"line":8,"column":80}},"3":{"start":{"line":9,"column":0},"end":{"line":9,"column":52}}},"fnMap":{},"branchMap":{},"s":{"0":1,"1":1,"2":1,"3":1},"f":{},"b":{},"_coverageSchema":"332fd63041d2c1bcb487cc26dd0d5f7d97098a6c","hash":"60998f58d771af78a50dda90ab77852f2603a84c","contentHash":"c08905e88279cfe5c1b383e37311773e_11.7.1"}
,"/Users/mac/Documents/book-meal-appss/server/tests/testing.js": {"path":"/Users/mac/Documents/book-meal-appss/server/tests/testing.js","statementMap":{"0":{"start":{"line":10,"column":0},"end":{"line":10,"column":19}},"1":{"start":{"line":11,"column":0},"end":{"line":22,"column":3}},"2":{"start":{"line":12,"column":2},"end":{"line":21,"column":5}},"3":{"start":{"line":13,"column":4},"end":{"line":20,"column":7}},"4":{"start":{"line":14,"column":6},"end":{"line":19,"column":11}},"5":{"start":{"line":17,"column":10},"end":{"line":17,"column":42}},"6":{"start":{"line":18,"column":10},"end":{"line":18,"column":17}},"7":{"start":{"line":24,"column":0},"end":{"line":74,"column":3}},"8":{"start":{"line":25,"column":2},"end":{"line":73,"column":5}},"9":{"start":{"line":26,"column":4},"end":{"line":40,"column":7}},"10":{"start":{"line":27,"column":6},"end":{"line":39,"column":11}},"11":{"start":{"line":37,"column":10},"end":{"line":37,"column":42}},"12":{"start":{"line":38,"column":10},"end":{"line":38,"column":17}},"13":{"start":{"line":43,"column":4},"end":{"line":57,"column":7}},"14":{"start":{"line":44,"column":6},"end":{"line":56,"column":11}},"15":{"start":{"line":54,"column":10},"end":{"line":54,"column":42}},"16":{"start":{"line":55,"column":10},"end":{"line":55,"column":17}},"17":{"start":{"line":58,"column":4},"end":{"line":72,"column":7}},"18":{"start":{"line":59,"column":6},"end":{"line":71,"column":11}},"19":{"start":{"line":69,"column":10},"end":{"line":69,"column":42}},"20":{"start":{"line":70,"column":10},"end":{"line":70,"column":17}},"21":{"start":{"line":77,"column":0},"end":{"line":89,"column":3}},"22":{"start":{"line":78,"column":2},"end":{"line":88,"column":5}},"23":{"start":{"line":79,"column":4},"end":{"line":87,"column":7}},"24":{"start":{"line":80,"column":6},"end":{"line":86,"column":11}},"25":{"start":{"line":84,"column":10},"end":{"line":84,"column":42}},"26":{"start":{"line":85,"column":10},"end":{"line":85,"column":17}},"27":{"start":{"line":91,"column":0},"end":{"line":104,"column":3}},"28":{"start":{"line":92,"column":2},"end":{"line":103,"column":5}},"29":{"start":{"line":93,"column":4},"end":{"line":102,"column":7}},"30":{"start":{"line":94,"column":6},"end":{"line":101,"column":11}},"31":{"start":{"line":99,"column":10},"end":{"line":99,"column":42}},"32":{"start":{"line":100,"column":10},"end":{"line":100,"column":17}},"33":{"start":{"line":106,"column":0},"end":{"line":134,"column":3}},"34":{"start":{"line":107,"column":2},"end":{"line":133,"column":5}},"35":{"start":{"line":108,"column":4},"end":{"line":122,"column":7}},"36":{"start":{"line":109,"column":6},"end":{"line":121,"column":11}},"37":{"start":{"line":119,"column":10},"end":{"line":119,"column":42}},"38":{"start":{"line":120,"column":10},"end":{"line":120,"column":17}},"39":{"start":{"line":124,"column":4},"end":{"line":132,"column":7}},"40":{"start":{"line":125,"column":6},"end":{"line":131,"column":11}},"41":{"start":{"line":129,"column":10},"end":{"line":129,"column":42}},"42":{"start":{"line":130,"column":10},"end":{"line":130,"column":17}},"43":{"start":{"line":136,"column":0},"end":{"line":174,"column":3}},"44":{"start":{"line":137,"column":2},"end":{"line":173,"column":5}},"45":{"start":{"line":138,"column":4},"end":{"line":151,"column":7}},"46":{"start":{"line":139,"column":6},"end":{"line":150,"column":11}},"47":{"start":{"line":148,"column":10},"end":{"line":148,"column":42}},"48":{"start":{"line":149,"column":10},"end":{"line":149,"column":17}},"49":{"start":{"line":152,"column":4},"end":{"line":160,"column":7}},"50":{"start":{"line":153,"column":6},"end":{"line":159,"column":11}},"51":{"start":{"line":157,"column":10},"end":{"line":157,"column":42}},"52":{"start":{"line":158,"column":10},"end":{"line":158,"column":17}},"53":{"start":{"line":161,"column":4},"end":{"line":172,"column":7}},"54":{"start":{"line":162,"column":6},"end":{"line":171,"column":11}},"55":{"start":{"line":169,"column":10},"end":{"line":169,"column":42}},"56":{"start":{"line":170,"column":10},"end":{"line":170,"column":17}},"57":{"start":{"line":177,"column":0},"end":{"line":194,"column":3}},"58":{"start":{"line":178,"column":2},"end":{"line":193,"column":5}},"59":{"start":{"line":179,"column":4},"end":{"line":192,"column":7}},"60":{"start":{"line":180,"column":6},"end":{"line":191,"column":11}},"61":{"start":{"line":189,"column":10},"end":{"line":189,"column":42}},"62":{"start":{"line":190,"column":10},"end":{"line":190,"column":17}},"63":{"start":{"line":196,"column":0},"end":{"line":207,"column":3}},"64":{"start":{"line":197,"column":2},"end":{"line":206,"column":5}},"65":{"start":{"line":198,"column":4},"end":{"line":205,"column":7}},"66":{"start":{"line":199,"column":6},"end":{"line":204,"column":11}},"67":{"start":{"line":202,"column":10},"end":{"line":202,"column":42}},"68":{"start":{"line":203,"column":10},"end":{"line":203,"column":17}}},"fnMap":{"0":{"name":"(anonymous_0)","decl":{"start":{"line":11,"column":32},"end":{"line":11,"column":33}},"loc":{"start":{"line":11,"column":38},"end":{"line":22,"column":1}},"line":11},"1":{"name":"(anonymous_1)","decl":{"start":{"line":12,"column":30},"end":{"line":12,"column":31}},"loc":{"start":{"line":12,"column":36},"end":{"line":21,"column":3}},"line":12},"2":{"name":"(anonymous_2)","decl":{"start":{"line":13,"column":34},"end":{"line":13,"column":35}},"loc":{"start":{"line":13,"column":44},"end":{"line":20,"column":5}},"line":13},"3":{"name":"(anonymous_3)","decl":{"start":{"line":16,"column":13},"end":{"line":16,"column":14}},"loc":{"start":{"line":16,"column":29},"end":{"line":19,"column":9}},"line":16},"4":{"name":"(anonymous_4)","decl":{"start":{"line":24,"column":37},"end":{"line":24,"column":38}},"loc":{"start":{"line":24,"column":43},"end":{"line":74,"column":1}},"line":24},"5":{"name":"(anonymous_5)","decl":{"start":{"line":25,"column":34},"end":{"line":25,"column":35}},"loc":{"start":{"line":25,"column":40},"end":{"line":73,"column":3}},"line":25},"6":{"name":"(anonymous_6)","decl":{"start":{"line":26,"column":61},"end":{"line":26,"column":62}},"loc":{"start":{"line":26,"column":71},"end":{"line":40,"column":5}},"line":26},"7":{"name":"(anonymous_7)","decl":{"start":{"line":36,"column":13},"end":{"line":36,"column":14}},"loc":{"start":{"line":36,"column":29},"end":{"line":39,"column":9}},"line":36},"8":{"name":"(anonymous_8)","decl":{"start":{"line":43,"column":81},"end":{"line":43,"column":82}},"loc":{"start":{"line":43,"column":91},"end":{"line":57,"column":5}},"line":43},"9":{"name":"(anonymous_9)","decl":{"start":{"line":53,"column":13},"end":{"line":53,"column":14}},"loc":{"start":{"line":53,"column":29},"end":{"line":56,"column":9}},"line":53},"10":{"name":"(anonymous_10)","decl":{"start":{"line":58,"column":36},"end":{"line":58,"column":37}},"loc":{"start":{"line":58,"column":46},"end":{"line":72,"column":5}},"line":58},"11":{"name":"(anonymous_11)","decl":{"start":{"line":68,"column":13},"end":{"line":68,"column":14}},"loc":{"start":{"line":68,"column":29},"end":{"line":71,"column":9}},"line":68},"12":{"name":"(anonymous_12)","decl":{"start":{"line":77,"column":39},"end":{"line":77,"column":40}},"loc":{"start":{"line":77,"column":45},"end":{"line":89,"column":1}},"line":77},"13":{"name":"(anonymous_13)","decl":{"start":{"line":78,"column":37},"end":{"line":78,"column":38}},"loc":{"start":{"line":78,"column":43},"end":{"line":88,"column":3}},"line":78},"14":{"name":"(anonymous_14)","decl":{"start":{"line":79,"column":55},"end":{"line":79,"column":56}},"loc":{"start":{"line":79,"column":65},"end":{"line":87,"column":5}},"line":79},"15":{"name":"(anonymous_15)","decl":{"start":{"line":83,"column":13},"end":{"line":83,"column":14}},"loc":{"start":{"line":83,"column":29},"end":{"line":86,"column":9}},"line":83},"16":{"name":"(anonymous_16)","decl":{"start":{"line":91,"column":39},"end":{"line":91,"column":40}},"loc":{"start":{"line":91,"column":45},"end":{"line":104,"column":1}},"line":91},"17":{"name":"(anonymous_17)","decl":{"start":{"line":92,"column":37},"end":{"line":92,"column":38}},"loc":{"start":{"line":92,"column":43},"end":{"line":103,"column":3}},"line":92},"18":{"name":"(anonymous_18)","decl":{"start":{"line":93,"column":49},"end":{"line":93,"column":50}},"loc":{"start":{"line":93,"column":59},"end":{"line":102,"column":5}},"line":93},"19":{"name":"(anonymous_19)","decl":{"start":{"line":98,"column":13},"end":{"line":98,"column":14}},"loc":{"start":{"line":98,"column":29},"end":{"line":101,"column":9}},"line":98},"20":{"name":"(anonymous_20)","decl":{"start":{"line":106,"column":44},"end":{"line":106,"column":45}},"loc":{"start":{"line":106,"column":50},"end":{"line":134,"column":1}},"line":106},"21":{"name":"(anonymous_21)","decl":{"start":{"line":107,"column":33},"end":{"line":107,"column":34}},"loc":{"start":{"line":107,"column":39},"end":{"line":133,"column":3}},"line":107},"22":{"name":"(anonymous_22)","decl":{"start":{"line":108,"column":61},"end":{"line":108,"column":62}},"loc":{"start":{"line":108,"column":71},"end":{"line":122,"column":5}},"line":108},"23":{"name":"(anonymous_23)","decl":{"start":{"line":118,"column":13},"end":{"line":118,"column":14}},"loc":{"start":{"line":118,"column":29},"end":{"line":121,"column":9}},"line":118},"24":{"name":"(anonymous_24)","decl":{"start":{"line":124,"column":71},"end":{"line":124,"column":72}},"loc":{"start":{"line":124,"column":81},"end":{"line":132,"column":5}},"line":124},"25":{"name":"(anonymous_25)","decl":{"start":{"line":128,"column":13},"end":{"line":128,"column":14}},"loc":{"start":{"line":128,"column":29},"end":{"line":131,"column":9}},"line":128},"26":{"name":"(anonymous_26)","decl":{"start":{"line":136,"column":37},"end":{"line":136,"column":38}},"loc":{"start":{"line":136,"column":43},"end":{"line":174,"column":1}},"line":136},"27":{"name":"(anonymous_27)","decl":{"start":{"line":137,"column":34},"end":{"line":137,"column":35}},"loc":{"start":{"line":137,"column":40},"end":{"line":173,"column":3}},"line":137},"28":{"name":"(anonymous_28)","decl":{"start":{"line":138,"column":72},"end":{"line":138,"column":73}},"loc":{"start":{"line":138,"column":82},"end":{"line":151,"column":5}},"line":138},"29":{"name":"(anonymous_29)","decl":{"start":{"line":147,"column":13},"end":{"line":147,"column":14}},"loc":{"start":{"line":147,"column":29},"end":{"line":150,"column":9}},"line":147},"30":{"name":"(anonymous_30)","decl":{"start":{"line":152,"column":72},"end":{"line":152,"column":73}},"loc":{"start":{"line":152,"column":82},"end":{"line":160,"column":5}},"line":152},"31":{"name":"(anonymous_31)","decl":{"start":{"line":156,"column":13},"end":{"line":156,"column":14}},"loc":{"start":{"line":156,"column":29},"end":{"line":159,"column":9}},"line":156},"32":{"name":"(anonymous_32)","decl":{"start":{"line":161,"column":82},"end":{"line":161,"column":83}},"loc":{"start":{"line":161,"column":92},"end":{"line":172,"column":5}},"line":161},"33":{"name":"(anonymous_33)","decl":{"start":{"line":168,"column":13},"end":{"line":168,"column":14}},"loc":{"start":{"line":168,"column":29},"end":{"line":171,"column":9}},"line":168},"34":{"name":"(anonymous_34)","decl":{"start":{"line":177,"column":37},"end":{"line":177,"column":38}},"loc":{"start":{"line":177,"column":43},"end":{"line":194,"column":1}},"line":177},"35":{"name":"(anonymous_35)","decl":{"start":{"line":178,"column":34},"end":{"line":178,"column":35}},"loc":{"start":{"line":178,"column":40},"end":{"line":193,"column":3}},"line":178},"36":{"name":"(anonymous_36)","decl":{"start":{"line":179,"column":77},"end":{"line":179,"column":78}},"loc":{"start":{"line":179,"column":87},"end":{"line":192,"column":5}},"line":179},"37":{"name":"(anonymous_37)","decl":{"start":{"line":188,"column":13},"end":{"line":188,"column":14}},"loc":{"start":{"line":188,"column":29},"end":{"line":191,"column":9}},"line":188},"38":{"name":"(anonymous_38)","decl":{"start":{"line":196,"column":37},"end":{"line":196,"column":38}},"loc":{"start":{"line":196,"column":43},"end":{"line":207,"column":1}},"line":196},"39":{"name":"(anonymous_39)","decl":{"start":{"line":197,"column":34},"end":{"line":197,"column":35}},"loc":{"start":{"line":197,"column":40},"end":{"line":206,"column":3}},"line":197},"40":{"name":"(anonymous_40)","decl":{"start":{"line":198,"column":43},"end":{"line":198,"column":44}},"loc":{"start":{"line":198,"column":53},"end":{"line":205,"column":5}},"line":198},"41":{"name":"(anonymous_41)","decl":{"start":{"line":201,"column":13},"end":{"line":201,"column":14}},"loc":{"start":{"line":201,"column":29},"end":{"line":204,"column":9}},"line":201}},"branchMap":{},"s":{"0":1,"1":1,"2":1,"3":1,"4":1,"5":1,"6":1,"7":1,"8":1,"9":1,"10":1,"11":1,"12":0,"13":1,"14":1,"15":1,"16":1,"17":1,"18":1,"19":1,"20":0,"21":1,"22":1,"23":1,"24":1,"25":1,"26":0,"27":1,"28":1,"29":1,"30":1,"31":1,"32":0,"33":1,"34":1,"35":1,"36":1,"37":1,"38":0,"39":1,"40":1,"41":1,"42":1,"43":1,"44":1,"45":1,"46":1,"47":1,"48":0,"49":1,"50":1,"51":1,"52":1,"53":1,"54":1,"55":1,"56":0,"57":1,"58":1,"59":1,"60":1,"61":1,"62":0,"63":1,"64":1,"65":1,"66":1,"67":1,"68":1},"f":{"0":1,"1":1,"2":1,"3":1,"4":1,"5":1,"6":1,"7":1,"8":1,"9":1,"10":1,"11":1,"12":1,"13":1,"14":1,"15":1,"16":1,"17":1,"18":1,"19":1,"20":1,"21":1,"22":1,"23":1,"24":1,"25":1,"26":1,"27":1,"28":1,"29":1,"30":1,"31":1,"32":1,"33":1,"34":1,"35":1,"36":1,"37":1,"38":1,"39":1,"40":1,"41":1},"b":{},"_coverageSchema":"332fd63041d2c1bcb487cc26dd0d5f7d97098a6c","hash":"d4fc5ab5fa57757a35102e2574f1f27a401b78d0","contentHash":"bd3a67b79483fe26dcc7c20fc1b70303_11.7.1"}
}
