TN:
SF:/Users/mac/Documents/book-meal-appss/server/src/app.js
FN:23,(anonymous_0)
FNF:1
FNH:1
FNDA:1,(anonymous_0)
DA:6,1
DA:9,1
DA:12,1
DA:15,1
DA:18,1
DA:23,1
DA:24,1
LF:7
LH:7
BRDA:9,0,0,1
BRDA:9,0,1,1
BRF:2
BRH:2
end_of_record
TN:
SF:/Users/mac/Documents/book-meal-appss/server/src/controllers/meals.js
FN:16,(anonymous_0)
FN:29,(anonymous_1)
FN:46,(anonymous_2)
FN:72,(anonymous_3)
FN:74,(anonymous_4)
FNF:5
FNH:1
FNDA:1,(anonymous_0)
FNDA:0,(anonymous_1)
FNDA:0,(anonymous_2)
FNDA:0,(anonymous_3)
FNDA:0,(anonymous_4)
DA:17,1
DA:31,0
DA:35,0
DA:47,0
DA:49,0
DA:50,0
DA:51,0
DA:55,0
DA:61,0
DA:73,0
DA:74,0
DA:75,0
DA:76,0
DA:77,0
DA:83,0
LF:15
LH:1
BRDA:50,0,0,0
BRDA:50,0,1,0
BRDA:75,1,0,0
BRDA:75,1,1,0
BRF:4
BRH:0
end_of_record
TN:
SF:/Users/mac/Documents/book-meal-appss/server/src/controllers/menu.js
FN:17,(anonymous_0)
FN:34,(anonymous_1)
FN:36,(anonymous_2)
FN:38,(anonymous_3)
FNF:4
FNH:0
FNDA:0,(anonymous_0)
FNDA:0,(anonymous_1)
FNDA:0,(anonymous_2)
FNDA:0,(anonymous_3)
DA:19,0
DA:23,0
DA:36,0
DA:37,0
DA:38,0
DA:39,0
DA:40,0
DA:45,0
LF:8
LH:0
BRDA:39,0,0,0
BRDA:39,0,1,0
BRF:2
BRH:0
end_of_record
TN:
SF:/Users/mac/Documents/book-meal-appss/server/src/controllers/order.js
FN:16,(anonymous_0)
FN:32,(anonymous_1)
FN:56,(anonymous_2)
FN:57,(anonymous_3)
FN:59,(anonymous_4)
FNF:5
FNH:3
FNDA:0,(anonymous_0)
FNDA:0,(anonymous_1)
FNDA:1,(anonymous_2)
FNDA:3,(anonymous_3)
FNDA:18,(anonymous_4)
DA:18,0
DA:21,0
DA:33,0
DA:35,0
DA:36,0
DA:37,0
DA:41,0
DA:46,0
DA:57,1
DA:58,3
DA:59,6
DA:60,18
DA:61,6
DA:66,1
LF:14
LH:6
BRDA:36,0,0,0
BRDA:36,0,1,0
BRDA:60,1,0,6
BRDA:60,1,1,12
BRF:4
BRH:2
end_of_record
TN:
SF:/Users/mac/Documents/book-meal-appss/server/src/middlewares/meal.js
FN:15,(anonymous_0)
FNF:1
FNH:0
FNDA:0,(anonymous_0)
DA:16,0
DA:18,0
DA:22,0
LF:3
LH:0
BRDA:16,0,0,0
BRDA:16,0,1,0
BRDA:16,1,0,0
BRDA:16,1,1,0
BRDA:16,1,2,0
BRDA:16,1,3,0
BRF:6
BRH:0
end_of_record
TN:
SF:/Users/mac/Documents/book-meal-appss/server/src/middlewares/menu.js
FN:15,(anonymous_0)
FNF:1
FNH:0
FNDA:0,(anonymous_0)
DA:16,0
DA:18,0
DA:21,0
LF:3
LH:0
BRDA:16,0,0,0
BRDA:16,0,1,0
BRDA:16,1,0,0
BRDA:16,1,1,0
BRDA:16,1,2,0
BRDA:16,1,3,0
BRF:6
BRH:0
end_of_record
TN:
SF:/Users/mac/Documents/book-meal-appss/server/src/middlewares/order.js
FN:15,(anonymous_0)
FNF:1
FNH:0
FNDA:0,(anonymous_0)
DA:16,0
DA:17,0
DA:20,0
LF:3
LH:0
BRDA:16,0,0,0
BRDA:16,0,1,0
BRDA:16,1,0,0
BRDA:16,1,1,0
BRF:4
BRH:0
end_of_record
TN:
SF:/Users/mac/Documents/book-meal-appss/server/src/routes/index.js
FNF:0
FNH:0
DA:6,1
DA:8,1
DA:9,1
DA:10,1
LF:4
LH:4
BRF:0
BRH:0
end_of_record
TN:
SF:/Users/mac/Documents/book-meal-appss/server/src/routes/meals.js
FNF:0
FNH:0
DA:5,1
DA:7,1
DA:8,1
DA:9,1
DA:10,1
LF:5
LH:5
BRF:0
BRH:0
end_of_record
TN:
SF:/Users/mac/Documents/book-meal-appss/server/src/routes/menu.js
FNF:0
FNH:0
DA:5,1
DA:7,1
DA:8,1
LF:3
LH:3
BRF:0
BRH:0
end_of_record
TN:
SF:/Users/mac/Documents/book-meal-appss/server/src/routes/order.js
FNF:0
FNH:0
DA:5,1
DA:7,1
DA:8,1
DA:9,1
LF:4
LH:4
BRF:0
BRH:0
end_of_record
TN:
SF:/Users/mac/Documents/book-meal-appss/server/tests/testing.js
FN:11,(anonymous_0)
FN:12,(anonymous_1)
FN:13,(anonymous_2)
FN:16,(anonymous_3)
FN:24,(anonymous_4)
FN:25,(anonymous_5)
FN:26,(anonymous_6)
FN:36,(anonymous_7)
FN:43,(anonymous_8)
FN:53,(anonymous_9)
FN:58,(anonymous_10)
FN:68,(anonymous_11)
FN:77,(anonymous_12)
FN:78,(anonymous_13)
FN:79,(anonymous_14)
FN:83,(anonymous_15)
FN:91,(anonymous_16)
FN:92,(anonymous_17)
FN:93,(anonymous_18)
FN:98,(anonymous_19)
FN:106,(anonymous_20)
FN:107,(anonymous_21)
FN:108,(anonymous_22)
FN:118,(anonymous_23)
FN:124,(anonymous_24)
FN:128,(anonymous_25)
FN:136,(anonymous_26)
FN:137,(anonymous_27)
FN:138,(anonymous_28)
FN:147,(anonymous_29)
FN:152,(anonymous_30)
FN:156,(anonymous_31)
FN:161,(anonymous_32)
FN:168,(anonymous_33)
FN:177,(anonymous_34)
FN:178,(anonymous_35)
FN:179,(anonymous_36)
FN:188,(anonymous_37)
FN:196,(anonymous_38)
FN:197,(anonymous_39)
FN:198,(anonymous_40)
FN:201,(anonymous_41)
FNF:42
FNH:42
FNDA:1,(anonymous_0)
FNDA:1,(anonymous_1)
FNDA:1,(anonymous_2)
FNDA:1,(anonymous_3)
FNDA:1,(anonymous_4)
FNDA:1,(anonymous_5)
FNDA:1,(anonymous_6)
FNDA:1,(anonymous_7)
FNDA:1,(anonymous_8)
FNDA:1,(anonymous_9)
FNDA:1,(anonymous_10)
FNDA:1,(anonymous_11)
FNDA:1,(anonymous_12)
FNDA:1,(anonymous_13)
FNDA:1,(anonymous_14)
FNDA:1,(anonymous_15)
FNDA:1,(anonymous_16)
FNDA:1,(anonymous_17)
FNDA:1,(anonymous_18)
FNDA:1,(anonymous_19)
FNDA:1,(anonymous_20)
FNDA:1,(anonymous_21)
FNDA:1,(anonymous_22)
FNDA:1,(anonymous_23)
FNDA:1,(anonymous_24)
FNDA:1,(anonymous_25)
FNDA:1,(anonymous_26)
FNDA:1,(anonymous_27)
FNDA:1,(anonymous_28)
FNDA:1,(anonymous_29)
FNDA:1,(anonymous_30)
FNDA:1,(anonymous_31)
FNDA:1,(anonymous_32)
FNDA:1,(anonymous_33)
FNDA:1,(anonymous_34)
FNDA:1,(anonymous_35)
FNDA:1,(anonymous_36)
FNDA:1,(anonymous_37)
FNDA:1,(anonymous_38)
FNDA:1,(anonymous_39)
FNDA:1,(anonymous_40)
FNDA:1,(anonymous_41)
DA:10,1
DA:11,1
DA:12,1
DA:13,1
DA:14,1
DA:17,1
DA:18,1
DA:24,1
DA:25,1
DA:26,1
DA:27,1
DA:37,1
DA:38,0
DA:43,1
DA:44,1
DA:54,1
DA:55,1
DA:58,1
DA:59,1
DA:69,1
DA:70,0
DA:77,1
DA:78,1
DA:79,1
DA:80,1
DA:84,1
DA:85,0
DA:91,1
DA:92,1
DA:93,1
DA:94,1
DA:99,1
DA:100,0
DA:106,1
DA:107,1
DA:108,1
DA:109,1
DA:119,1
DA:120,0
DA:124,1
DA:125,1
DA:129,1
DA:130,1
DA:136,1
DA:137,1
DA:138,1
DA:139,1
DA:148,1
DA:149,0
DA:152,1
DA:153,1
DA:157,1
DA:158,1
DA:161,1
DA:162,1
DA:169,1
DA:170,0
DA:177,1
DA:178,1
DA:179,1
DA:180,1
DA:189,1
DA:190,0
DA:196,1
DA:197,1
DA:198,1
DA:199,1
DA:202,1
DA:203,0
LF:69
LH:60
BRF:0
BRH:0
end_of_record
